<?xml version="1.0" encoding="UTF-8"?>
<!-- Generated by org.testng.reporters.JUnitXMLReporter -->
<testsuite hostname="DESKTOP-PHM6UT4" ignored="1" name="Test" tests="4" failures="0" timestamp="29 May 2019 22:17:01 GMT" time="45.474" errors="0">
  <testcase name="launchBrowser" time="4.554" classname="testing.NewTest"/>
  <testcase name="verifyYahoo" time="37.643" classname="testing.NewTest"/>
  <testcase name="verifyWikil" time="2.978" classname="testing.NewTest"/>
  <testcase name="closeBrowser" time="0.264" classname="testing.NewTest"/>
  <testcase name="verifyGoogle" time="0.0" classname="testing.NewTest">
    <ignored/>
  </testcase> <!-- verifyGoogle -->
</testsuite> <!-- Test -->
