<?xml version="1.0" encoding="UTF-8"?>
<testng-results skipped="0" failed="0" ignored="0" total="3" passed="3">
  <reporter-output>
  </reporter-output>
  <suite name="Default suite" duration-ms="769" started-at="2019-06-04T21:53:54Z" finished-at="2019-06-04T21:53:55Z">
    <groups>
    </groups>
    <test name="Default test" duration-ms="769" started-at="2019-06-04T21:53:54Z" finished-at="2019-06-04T21:53:55Z">
      <class name="testing.Intdatadriven">
        <test-method status="PASS" signature="add(java.lang.String, java.lang.String, java.lang.String, java.lang.String)[pri:0, instance:testing.Intdatadriven@4b9e13df]" name="add" duration-ms="12" started-at="2019-06-04T21:53:55Z" data-provider="testdata" finished-at="2019-06-04T21:53:55Z">
          <params>
            <param index="0">
              <value>
                <![CDATA[1]]>
              </value>
            </param>
            <param index="1">
              <value>
                <![CDATA[2]]>
              </value>
            </param>
            <param index="2">
              <value>
                <![CDATA[3]]>
              </value>
            </param>
            <param index="3">
              <value>
                <![CDATA[4]]>
              </value>
            </param>
          </params>
          <reporter-output>
          </reporter-output>
        </test-method> <!-- add -->
        <test-method status="PASS" signature="add(java.lang.String, java.lang.String, java.lang.String, java.lang.String)[pri:0, instance:testing.Intdatadriven@4b9e13df]" name="add" duration-ms="2" started-at="2019-06-04T21:53:55Z" data-provider="testdata" finished-at="2019-06-04T21:53:55Z">
          <params>
            <param index="0">
              <value>
                <![CDATA[10]]>
              </value>
            </param>
            <param index="1">
              <value>
                <![CDATA[20]]>
              </value>
            </param>
            <param index="2">
              <value>
                <![CDATA[30]]>
              </value>
            </param>
            <param index="3">
              <value>
                <![CDATA[40]]>
              </value>
            </param>
          </params>
          <reporter-output>
          </reporter-output>
        </test-method> <!-- add -->
        <test-method status="PASS" signature="add(java.lang.String, java.lang.String, java.lang.String, java.lang.String)[pri:0, instance:testing.Intdatadriven@4b9e13df]" name="add" duration-ms="3" started-at="2019-06-04T21:53:55Z" data-provider="testdata" finished-at="2019-06-04T21:53:55Z">
          <params>
            <param index="0">
              <value>
                <![CDATA[100]]>
              </value>
            </param>
            <param index="1">
              <value>
                <![CDATA[200]]>
              </value>
            </param>
            <param index="2">
              <value>
                <![CDATA[300]]>
              </value>
            </param>
            <param index="3">
              <value>
                <![CDATA[400]]>
              </value>
            </param>
          </params>
          <reporter-output>
          </reporter-output>
        </test-method> <!-- add -->
      </class> <!-- testing.Intdatadriven -->
    </test> <!-- Default test -->
  </suite> <!-- Default suite -->
</testng-results>
